Case #1:
0.5 2.92583615853e-09 0
-2.92583615853e-09 0.5 0
0 0 0.5
Case #2:
0.3535533905932738 0.3535533905932738 0
-0.3535533905932738 0.3535533905932738 0
0 0 0.5
Case #3:
0.353553390593 0.352062072584 -0.0324391283414
-0.353553390593 0.352062072584 -0.0324391283414
0 0.045875855252 0.497890957846
Case #4:
0.353553390593 0.344840262648 -0.0780076487077
-0.353553390593 0.344840262648 -0.0780076487077
0 0.110319474771 0.487677776289
Case #5:
0.353553390593 0.322420130814 -0.145069842647
-0.353553390593 0.322420130814 -0.145069842647
0 0.205159738963 0.45597092178